<?xml version="1.0" encoding="UTF-8"?>
<testng-results ignored="0" total="1" passed="1" failed="0" skipped="0">
  <reporter-output>
  </reporter-output>
  <suite started-at="2025-06-21T23:23:32 CEST" name="Default suite" finished-at="2025-06-21T23:23:33 CEST" duration-ms="1638">
    <groups>
    </groups>
    <test started-at="2025-06-21T23:23:32 CEST" name="Default test" finished-at="2025-06-21T23:23:33 CEST" duration-ms="1638">
      <class name="tests.UnsuccessfulLogin">
        <test-method signature="testGetAllProductsList()[pri:0, instance:tests.UnsuccessfulLogin@1a482e36]" started-at="2025-06-21T23:23:32 CEST" name="testGetAllProductsList" finished-at="2025-06-21T23:23:33 CEST" duration-ms="1605" status="PASS">
          <reporter-output>
          </reporter-output>
        </test-method> <!-- testGetAllProductsList -->
      </class> <!-- tests.UnsuccessfulLogin -->
    </test> <!-- Default test -->
  </suite> <!-- Default suite -->
</testng-results>
